07:52:53:189 (00013752) > [Startup] Deus Ex: Mankind Divided
07:52:53:190 (00013752) > [Startup] ==============
07:52:53:190 (00013752) > [Startup] 
07:52:53:190 (00013752) > [Startup] Build: v1.19 build 801.0
07:52:53:190 (00013752) > [Startup] Windows 10 Pro (build 16299) (version 1709)
07:52:53:190 (00013752) > [Startup] Game directory: C:\Users\MMHaq\Documents\Deus Ex -  Mankind Divided\
07:52:53:190 (00013752) > [Startup] 
07:52:53:190 (00013752) > [Startup] Memory statistics:
07:52:53:190 (00013752) > [Startup]   Total RAM = 7.7 GB (7893 MB)
07:52:53:190 (00013752) > [Startup]   Avail RAM = 4.6 GB (4736 MB)
07:52:53:190 (00013752) > [Startup]   Total virtual memory = 131072.0 GB (134217727 MB)
07:52:53:190 (00013752) > [Startup]   Avail virtual memory = 130559.1 GB (133692563 MB)
07:52:53:190 (00013752) > [Startup] 
07:52:53:190 (00013752) > [NxApp] PreInit
07:52:53:190 (00013752) > [Steam] Initializing.
07:52:53:193 (00013752) > [Steam] Successfully initialized.
07:52:53:193 (00013752) > [SwapChain] Initializing...
07:52:53:193 (00013752) > [DXGI] Initializing...
07:52:53:199 (00013752) > [DXGI] Successfully initialized.
07:52:53:199 (00013752) > [Render] Enumerating adapters:
07:52:53:199 (00013752) > [Render] 	Adapter 0:
07:52:53:199 (00013752) > [Monitor] 		Description             : AMD Radeon R5 M335
07:52:53:199 (00013752) > [Monitor] 		Vendor                  : AMD (1002)
07:52:53:199 (00013752) > [Monitor] 		Device                  : 6660
07:52:53:199 (00013752) > [Monitor] 		Sub system              : 6b21028
07:52:53:199 (00013752) > [Monitor] 		Revision                : 129
07:52:53:199 (00013752) > [Monitor] 		Dedicated Video Memory  : 2039 MB
07:52:53:199 (00013752) > [Monitor] 		Dedicated System Memory : 0000 MB
07:52:53:199 (00013752) > [Monitor] 		Shared System Memory    : 3946 MB
07:52:53:199 (00013752) > [Monitor] 
07:52:53:199 (00013752) > [Render] Loading ADL...
07:52:53:213 (00013752) > [Render] Done loading ADL and AGS
07:52:53:214 (00013752) > [Render] 	Adapter 1:
07:52:53:214 (00013752) > [Monitor] 		Description             : Intel(R) HD Graphics 520
07:52:53:214 (00013752) > [Monitor] 		Vendor                  : Intel (8086)
07:52:53:214 (00013752) > [Monitor] 		Device                  : 1916
07:52:53:214 (00013752) > [Monitor] 		Sub system              : 6b21028
07:52:53:214 (00013752) > [Monitor] 		Revision                : 7
07:52:53:214 (00013752) > [Monitor] 		Dedicated Video Memory  : 0128 MB
07:52:53:214 (00013752) > [Monitor] 		Dedicated System Memory : 0000 MB
07:52:53:214 (00013752) > [Monitor] 		Shared System Memory    : 3946 MB
07:52:53:214 (00013752) > [Monitor] 
07:52:53:214 (00013752) > [Render] 	Adapter 2:
07:52:53:214 (00013752) > [Monitor] 		Description             : Microsoft Basic Render Driver
07:52:53:214 (00013752) > [Monitor] 		Vendor                  : Unknown (1414)
07:52:53:214 (00013752) > [Monitor] 		Device                  : 8c
07:52:53:214 (00013752) > [Monitor] 		Sub system              : 0
07:52:53:214 (00013752) > [Monitor] 		Revision                : 0
07:52:53:214 (00013752) > [Monitor] 		Dedicated Video Memory  : 0000 MB
07:52:53:214 (00013752) > [Monitor] 		Dedicated System Memory : 0000 MB
07:52:53:214 (00013752) > [Monitor] 		Shared System Memory    : 3946 MB
07:52:53:214 (00013752) > [Monitor] 
07:52:53:214 (00013752) > [Render] Enumerating monitors:
07:52:53:214 (00013752) > [Render] 	Monitor 0: handle = 000000000081027d, aspect = 1.30
07:52:53:214 (00013752) > [Render] 
07:52:53:808 (00013752) > [Render] AMD HD3D Extension created.
07:52:53:808 (00013752) > [Render] AMD HD3D Extension Version: 9.0

07:52:53:808 (00013752) > [Render] AMD HD3D failed to initialize. (Most likely cause: there is no 3D support)
07:52:53:808 (00013752) > [Render] AMD HD3D: Released Quad Buffer Stereo Extension.
07:52:53:808 (00013752) > [Render] Enumerating Display Modes:
07:52:53:809 (00013752) > [Render] Querying ADL for Eyefinity modes
07:52:53:814 (00013752) > [Render] 	Monitor 'Display 1 (AMD Radeon R5 M335(1))' (000000000081027d):
07:52:53:814 (00013752) > [Render] 		- Mode  0 :  800 x  600 @  60 Hz, stereo = 0
07:52:53:814 (00013752) > [Render] 		- Mode  1 :  800 x  600 @  60 Hz, stereo = 0
07:52:53:814 (00013752) > [Render] 		- Mode  2 :  800 x  600 @  60 Hz, stereo = 0
07:52:53:814 (00013752) > [Render] 		- Mode  3 :  800 x  600 @  60 Hz, stereo = 0
07:52:53:814 (00013752) > [Render] 		- Mode  4 : 1024 x  768 @  60 Hz, stereo = 0
07:52:53:814 (00013752) > [Render] 		- Mode  5 : 1024 x  768 @  60 Hz, stereo = 0
07:52:53:814 (00013752) > [Render] 		- Mode  6 : 1024 x  768 @  60 Hz, stereo = 0
07:52:53:814 (00013752) > [Render] 		- Mode  7 : 1024 x  768 @  60 Hz, stereo = 0
07:52:53:814 (00013752) > [Render] 		- Mode  8 : 1152 x  864 @  60 Hz, stereo = 0
07:52:53:814 (00013752) > [Render] 		- Mode  9 : 1152 x  864 @  60 Hz, stereo = 0
07:52:53:814 (00013752) > [Render] 		- Mode 10 : 1152 x  864 @  60 Hz, stereo = 0
07:52:53:814 (00013752) > [Render] 		- Mode 11 : 1152 x  864 @  60 Hz, stereo = 0
07:52:53:814 (00013752) > [Render] 		- Mode 12 : 1280 x  600 @  60 Hz, stereo = 0
07:52:53:814 (00013752) > [Render] 		- Mode 13 : 1280 x  600 @  60 Hz, stereo = 0
07:52:53:814 (00013752) > [Render] 		- Mode 14 : 1280 x  600 @  60 Hz, stereo = 0
07:52:53:814 (00013752) > [Render] 		- Mode 15 : 1280 x  600 @  60 Hz, stereo = 0
07:52:53:814 (00013752) > [Render] 		- Mode 16 : 1280 x  720 @  60 Hz, stereo = 0
07:52:53:814 (00013752) > [Render] 		- Mode 17 : 1280 x  720 @  60 Hz, stereo = 0
07:52:53:814 (00013752) > [Render] 		- Mode 18 : 1280 x  720 @  50 Hz, stereo = 0
07:52:53:814 (00013752) > [Render] 		- Mode 19 : 1280 x  720 @  60 Hz, stereo = 0
07:52:53:814 (00013752) > [Render] 		- Mode 20 : 1280 x  720 @  60 Hz, stereo = 0
07:52:53:814 (00013752) > [Render] 		- Mode 21 : 1280 x  768 @  60 Hz, stereo = 0
07:52:53:814 (00013752) > [Render] 		- Mode 22 : 1280 x  768 @  60 Hz, stereo = 0
07:52:53:814 (00013752) > [Render] 		- Mode 23 : 1280 x  768 @  60 Hz, stereo = 0
07:52:53:814 (00013752) > [Render] 		- Mode 24 : 1280 x  768 @  60 Hz, stereo = 0
07:52:53:814 (00013752) > [Render] 		- Mode 25 : 1280 x  800 @  60 Hz, stereo = 0
07:52:53:814 (00013752) > [Render] 		- Mode 26 : 1280 x  800 @  60 Hz, stereo = 0
07:52:53:814 (00013752) > [Render] 		- Mode 27 : 1280 x  800 @  60 Hz, stereo = 0
07:52:53:814 (00013752) > [Render] 		- Mode 28 : 1280 x  800 @  60 Hz, stereo = 0
07:52:53:814 (00013752) > [Render] 		- Mode 29 : 1280 x  960 @  60 Hz, stereo = 0
07:52:53:814 (00013752) > [Render] 		- Mode 30 : 1280 x  960 @  60 Hz, stereo = 0
07:52:53:814 (00013752) > [Render] 		- Mode 31 : 1280 x  960 @  60 Hz, stereo = 0
07:52:53:814 (00013752) > [Render] 		- Mode 32 : 1280 x  960 @  60 Hz, stereo = 0
07:52:53:814 (00013752) > [Render] 		- Mode 33 : 1280 x 1024 @  60 Hz, stereo = 0
07:52:53:814 (00013752) > [Render] 		- Mode 34 : 1280 x 1024 @  60 Hz, stereo = 0
07:52:53:814 (00013752) > [Render] 		- Mode 35 : 1280 x 1024 @  60 Hz, stereo = 0
07:52:53:814 (00013752) > [Render] 		- Mode 36 : 1280 x 1024 @  60 Hz, stereo = 0
07:52:53:814 (00013752) > [Render] 		- Mode 37 : 1360 x  768 @  60 Hz, stereo = 0
07:52:53:814 (00013752) > [Render] 		- Mode 38 : 1360 x  768 @  60 Hz, stereo = 0
07:52:53:814 (00013752) > [Render] 		- Mode 39 : 1360 x  768 @  60 Hz, stereo = 0
07:52:53:814 (00013752) > [Render] 		- Mode 40 : 1360 x  768 @  60 Hz, stereo = 0
07:52:53:814 (00013752) > [Render] 		- Mode 41 : 1366 x  768 @  60 Hz, stereo = 0
07:52:53:814 (00013752) > [Render] 		- Mode 42 : 1366 x  768 @  60 Hz, stereo = 0
07:52:53:814 (00013752) > [Render] 		- Mode 43 : 1366 x  768 @  60 Hz, stereo = 0
07:52:53:814 (00013752) > [Render] 		- Mode 44 : 1366 x  768 @  60 Hz, stereo = 0
07:52:53:814 (00013752) > [Render] 		- Mode 45 : 1400 x 1050 @  60 Hz, stereo = 0
07:52:53:814 (00013752) > [Render] 		- Mode 46 : 1400 x 1050 @  60 Hz, stereo = 0
07:52:53:814 (00013752) > [Render] 		- Mode 47 : 1400 x 1050 @  60 Hz, stereo = 0
07:52:53:814 (00013752) > [Render] 		- Mode 48 : 1400 x 1050 @  60 Hz, stereo = 0
07:52:53:814 (00013752) > [Render] 		- Mode 49 : 1440 x  900 @  60 Hz, stereo = 0
07:52:53:814 (00013752) > [Render] 		- Mode 50 : 1440 x  900 @  60 Hz, stereo = 0
07:52:53:814 (00013752) > [Render] 		- Mode 51 : 1440 x  900 @  60 Hz, stereo = 0
07:52:53:814 (00013752) > [Render] 		- Mode 52 : 1440 x  900 @  60 Hz, stereo = 0
07:52:53:814 (00013752) > [Render] 		- Mode 53 : 1600 x  900 @  60 Hz, stereo = 0
07:52:53:814 (00013752) > [Render] 		- Mode 54 : 1600 x  900 @  60 Hz, stereo = 0
07:52:53:814 (00013752) > [Render] 		- Mode 55 : 1600 x  900 @  60 Hz, stereo = 0
07:52:53:814 (00013752) > [Render] 		- Mode 56 : 1600 x  900 @  60 Hz, stereo = 0
07:52:53:814 (00013752) > [Render] 		- Mode 57 : 1680 x 1050 @  60 Hz, stereo = 0
07:52:53:814 (00013752) > [Render] 		- Mode 58 : 1680 x 1050 @  60 Hz, stereo = 0
07:52:53:814 (00013752) > [Render] 		- Mode 59 : 1680 x 1050 @  60 Hz, stereo = 0
07:52:53:814 (00013752) > [Render] 		- Mode 60 : 1680 x 1050 @  60 Hz, stereo = 0
07:52:53:814 (00013752) > [Render] 		- Mode 61 : 1920 x 1080 @  60 Hz, stereo = 0
07:52:53:814 (00013752) > [Render] 		- Mode 62 : 1920 x 1080 @  60 Hz, stereo = 0
07:52:53:814 (00013752) > [Render] 		- Mode 63 : 1920 x 1080 @  50 Hz, stereo = 0
07:52:53:814 (00013752) > [Render] 
07:52:53:814 (00013752) > [SwapChain] Successfully initialized.
07:52:53:814 (00013752) > [NxApp] PreInit successful.
07:52:53:990 (00013752) > [Render] AMD GCN 1.1 or higher GPU detected
07:52:54:291 (00013752) > [Render] AMD GCN 1.1 or higher GPU detected
07:52:54:291 (00013752) > [Validate Settings] Desktop settings (Resolution: 1366 x 768, Multi-monitor: off, Bezel correction: off)
07:52:54:291 (00013752) > [Validate Settings] DX12 Async Compute Enabled.
07:52:54:292 (00013752) > [Launcher] Enabled
07:52:58:137 (00013752) > [Render] AMD GCN 1.1 or higher GPU detected
07:52:58:137 (00013752) > [Validate Settings] Desktop settings (Resolution: 1366 x 768, Multi-monitor: off, Bezel correction: off)
07:52:58:137 (00013752) > [Validate Settings] DX12 Async Compute Enabled.
07:52:58:149 (00013752) > [Render] AMD GCN 1.1 or higher GPU detected
07:52:58:149 (00013752) > [Validate Settings] Desktop settings (Resolution: 1366 x 768, Multi-monitor: off, Bezel correction: off)
07:52:58:149 (00013752) > [Validate Settings] DX12 Async Compute Enabled.
07:52:58:169 (00013752) > [Render] AMD GCN 1.1 or higher GPU detected
07:52:58:169 (00013752) > [Validate Settings] Desktop settings (Resolution: 1366 x 768, Multi-monitor: off, Bezel correction: off)
07:52:58:169 (00013752) > [Render] AMD GCN 1.1 or higher GPU detected
07:52:58:169 (00013752) > [Validate Settings] Desktop settings (Resolution: 1366 x 768, Multi-monitor: off, Bezel correction: off)
07:52:58:169 (00013752) > [Render] AMD GCN 1.1 or higher GPU detected
07:52:58:169 (00013752) > [Validate Settings] Desktop settings (Resolution: 1366 x 768, Multi-monitor: off, Bezel correction: off)
07:52:58:169 (00013752) > [Render] AMD GCN 1.1 or higher GPU detected
07:52:58:169 (00013752) > [Validate Settings] Desktop settings (Resolution: 1366 x 768, Multi-monitor: off, Bezel correction: off)
07:52:58:169 (00013752) > [Render] AMD GCN 1.1 or higher GPU detected
07:52:58:169 (00013752) > [Validate Settings] Desktop settings (Resolution: 1366 x 768, Multi-monitor: off, Bezel correction: off)
07:53:01:517 (00013752) > [Render] AMD GCN 1.1 or higher GPU detected
07:53:01:517 (00013752) > [Validate Settings] Desktop settings (Resolution: 1366 x 768, Multi-monitor: off, Bezel correction: off)
07:53:01:517 (00013752) > [Render] AMD GCN 1.1 or higher GPU detected
07:53:01:517 (00013752) > [Validate Settings] Desktop settings (Resolution: 1366 x 768, Multi-monitor: off, Bezel correction: off)
07:53:01:517 (00013752) > [Render] AMD GCN 1.1 or higher GPU detected
07:53:01:517 (00013752) > [Validate Settings] Desktop settings (Resolution: 1366 x 768, Multi-monitor: off, Bezel correction: off)
07:53:01:517 (00013752) > [Render] AMD GCN 1.1 or higher GPU detected
07:53:01:517 (00013752) > [Validate Settings] Desktop settings (Resolution: 1366 x 768, Multi-monitor: off, Bezel correction: off)
07:53:01:517 (00013752) > [Render] AMD GCN 1.1 or higher GPU detected
07:53:01:517 (00013752) > [Validate Settings] Desktop settings (Resolution: 1366 x 768, Multi-monitor: off, Bezel correction: off)
07:53:15:827 (00013752) > [Launcher] Result 00000002
07:53:15:828 (00013752) > [Render] AMD GCN 1.1 or higher GPU detected
07:53:15:828 (00013752) > [Validate Settings] Desktop settings (Resolution: 1366 x 768, Multi-monitor: off, Bezel correction: off)
07:53:15:829 (00013752) > [Validate Settings] DX12 Async Compute Enabled.
07:53:16:125 (00013752) > [D3D] Max supported feature level: 11.0
07:53:16:408 (00017120) > [Settings] D3D12 - Using 1 nodes.
07:53:16:409 (00013752) > [NxApp] Querying GPU Driver Info...
07:53:16:410 (00013752) > [NxApp] Enumerating available display adapters:
07:53:16:410 (00013752) > [NxApp] 		AMD Radeon R5 M335 (active)
07:53:16:411 (00013752) > [NxApp] 		Intel(R) HD Graphics 520
07:53:16:411 (00013752) > [NxApp] Successfully found GPU Driver Info
07:53:16:411 (00013752) > [NxApp] Driver Desc: AMD Radeon R5 M335
07:53:16:411 (00013752) > [NxApp] Driver Version: 21.19.148.32768
07:53:16:411 (00013752) > [Settings] DirectX Version: 12
07:53:16:411 (00013752) > [Settings] Using DX12 Stable Power State:0
07:53:16:411 (00013752) > [Settings] Window mode:
07:53:16:411 (00013752) > [Settings] 	Fullscreen:1
07:53:16:411 (00013752) > [Settings] 	Excl.Fullscreen:0
07:53:16:411 (00013752) > [Settings] 	Monitor:0
07:53:16:411 (00013752) > [Settings] 		Monitor Rect: x:0 y:0 w:1366 h:768
07:53:16:411 (00013752) > [Settings] 		Workspace Rect: x:0 y:0 w:1366 h:768
07:53:16:411 (00013752) > [Settings] 		Aspect Ratio:1.304348 (Pixel Aspect Ratio:1.363629)
07:53:16:411 (00013752) > [Settings] Fullscreen display mode:
07:53:16:411 (00013752) > [Settings] 	Display mode: 1280x720@60
07:53:16:411 (00013752) > [Settings] 		VSync:0, TripleBuffer:0
07:53:16:411 (00013752) > [Settings] 		MultiMonitor:0
07:53:16:411 (00013752) > [Settings] 		BezelCorrected:0
07:53:16:411 (00013752) > [Settings] 		Stereoscopic3D:0
07:53:16:411 (00013752) > [Settings] Window settings:
07:53:16:411 (00013752) > [Settings] 	Window rect: x:171 y:96 w:1024 h:576
07:53:16:411 (00013752) > [Settings] 	User window: w:1024 h:576
07:53:16:411 (00013752) > [Settings] 	Window maximized:0
07:53:16:411 (00013752) > [Settings] Graphics Options:
07:53:16:411 (00013752) > [Settings] 	TextureQuality:1, TextureFiltering:0, ShadowQuality:0, CHSQuality:0
07:53:16:411 (00013752) > [Settings] 	AO:1, DOF:1, TAA:0, MSAA:0, Bloom:1, LensFlares: 1
07:53:16:411 (00013752) > [Settings] 	SSS:0, CLOTH:0, MOTION:0, SSR:0, CA:1
07:53:16:411 (00013752) > [Settings] 	VL:1, TESSEL:0, POM:1, SHARP:0
07:53:16:411 (00013752) > [Settings] 	FOVCorrection:1.000000
07:53:16:411 (00013752) > [Settings] 	LevelOfDetail:1
07:53:16:411 (00013752) > [Settings] 	StereoSeparation:0.075000
07:53:16:411 (00013752) > [Settings] 	StereoFarNear:0.250000
07:53:16:411 (00013752) > [Settings] 	StereoNearSeparationMultiplier:0.350000
07:53:16:411 (00013752) > [NxApp] Creating window...
07:53:16:413 (00019004) > [GameWindow] UpdateState bVisible true
07:53:16:421 (00019004) > [Input] Keyboard language: "English (United States)" (id: 1033)
07:53:16:421 (00019004) > [Input] Keyboard physical layout: "US" (id: 00000409)
07:53:16:422 (00019004) > [Input] Joystick            ""   product 33638 vendor 9354 version 256 usage 1 usagePage 12 xinput no
07:53:16:426 (00019004) > [Input] Human Input Device  "Airplane Mode Switch Collection"   product 43982 vendor 16700 version 1 usage 12 usagePage 1
07:53:16:431 (00019004) > [Input] Human Input Device  "HID-compliant vendor-defined device"   product 30143 vendor 1739 version 4 usage 1 usagePage 65280
07:53:16:436 (00019004) > [Input] Human Input Device  "Microsoft Input Configuration Device"   product 0 vendor 0 version 0 usage 0 usagePage 0
07:53:16:440 (00019004) > [Input] Human Input Device  "HID-compliant touch pad"   product 30143 vendor 1739 version 4 usage 5 usagePage 13
07:53:16:443 (00019004) > [Input] Keyboard            "Standard PS/2 Keyboard"   type 7 subType 0 mode 1 function 12 indicators 3 total 101
07:53:16:446 (00019004) > [Input] Mouse               "HID-compliant mouse"   id 128 buttons 2 sampleRate 0 horizontalWheel no
07:53:16:449 (00019004) > [Input] Mouse               "PS/2 Compatible Mouse"   id 32 buttons 3 sampleRate 100 horizontalWheel no
07:53:16:451 (00019004) > [Input] Mouse               "HID-compliant mouse"   id 256 buttons 5 sampleRate 0 horizontalWheel no
07:53:16:452 (00019004) > [RazerChroma] Initializing...
07:53:16:453 (00019004) > [RazerChroma] Failed to load Chroma SDK library.
07:53:16:453 (00013752) > [NxApp] Window created.
07:53:16:453 (00013752) > [NxApp] Initializing swapchain...
07:53:16:453 (00017120) > [SwapChain] Creating...
07:53:16:454 (00017120) > [Render] AMD HD3D Extension created.
07:53:16:454 (00017120) > [Render] AMD HD3D Extension Version: 9.0

07:53:16:454 (00017120) > [Render] AMD HD3D failed to initialize. (Most likely cause: there is no 3D support)
07:53:16:454 (00017120) > [Render] AMD HD3D: Released Quad Buffer Stereo Extension.
07:53:16:454 (00017120) > [SwapChain] MI 0 0 1366 768 - 0 0 1366 768 - 1.304348 1.363629 1.777778
07:53:16:454 (00017120) > [SwapChain] BR 0 0 1366 768 1.778646
07:53:16:454 (00017120) > [SwapChain] CR 0 0 1366 768 1.778646
07:53:16:454 (00017120) > [SwapChain] GR 0 0 1280 720 1.778646
07:53:16:484 (00017120) > [DXGI] Created swapchain.
07:53:16:513 (00017120) > [SwapChain] Gamma correction is enabled.
07:53:16:513 (00017120) > [SwapChain] Successfully created.
07:53:16:513 (00017120) > [SwapChain] MI 0 0 1366 768 - 0 0 1366 768 - 1.304348 1.363629 1.777778
07:53:16:513 (00017120) > [SwapChain] BR 0 0 1366 768 1.778646
07:53:16:513 (00017120) > [SwapChain] CR 0 0 1366 768 1.778646
07:53:16:513 (00017120) > [SwapChain] GR 0 0 1280 720 1.778646
07:53:16:513 (00013752) > [NxApp] Swapchain initialized
07:53:16:513 (00013752) > [NxApp] Initializing renderer...
07:53:16:514 (00013752) > [NxApp] Renderer initialized
07:53:16:949 (00013752) > [Scaleform] Initializing.
ZGameInterface::PlatformInit - ERROR: OSuite game URL is invalid.08:04:55:002 (00013752) > [DXGI] Destroyed swapchain.
08:04:55:002 (00013752) > [SwapChain] Destroyed.
